<?xml version="1.0" encoding="UTF-8"?>
<!-- Generated by org.testng.reporters.JUnitReportReporter -->
<testsuite hostname="LAPTOP-GB395NJQ" failures="0" tests="1" name="Academy.validateNavigationBar" time="0.089" errors="0" timestamp="2021-03-02T03:08:52 IST" skipped="0">
  <testcase classname="Academy.validateNavigationBar" name="basePageNavigation" time="0.089"/>
  <system-out/>
</testsuite> <!-- Academy.validateNavigationBar -->
