<?xml version="1.0" encoding="UTF-8"?>
<!-- Generated by org.testng.reporters.JUnitReportReporter -->
<testsuite hostname="LAPTOP-GB395NJQ" failures="0" tests="2" name="Academy.HomePage" time="7.538" errors="0" timestamp="2021-03-02T03:08:52 IST" skipped="0">
  <testcase classname="Academy.HomePage" name="basePageNavigation" time="2.042"/>
  <system-out/>
  <testcase classname="Academy.HomePage" name="basePageNavigation" time="5.496"/>
  <system-out/>
</testsuite> <!-- Academy.HomePage -->
