<?xml version="1.0" encoding="UTF-8"?>
<!-- Generated by org.testng.reporters.JUnitReportReporter -->
<testsuite skipped="0" hostname="LAPTOP-GB395NJQ" name="Academy.validateNavigationBar" tests="1" failures="0" timestamp="2021-03-03T00:32:09 IST" time="0.060" errors="0">
  <testcase name="basePageNavigation" time="0.060" classname="Academy.validateNavigationBar"/>
  <system-out/>
</testsuite> <!-- Academy.validateNavigationBar -->
