<?xml version="1.0" encoding="UTF-8"?>
<!-- Generated by org.testng.reporters.JUnitReportReporter -->
<testsuite skipped="0" hostname="LAPTOP-GB395NJQ" name="Academy.HomePage" tests="2" failures="0" timestamp="2021-03-03T00:32:09 IST" time="9.436" errors="0">
  <testcase name="basePageNavigation" time="8.100" classname="Academy.HomePage"/>
  <system-out/>
  <testcase name="basePageNavigation" time="1.336" classname="Academy.HomePage"/>
  <system-out/>
</testsuite> <!-- Academy.HomePage -->
